2024.11.19 10:32:42 INFO  Started: Metals version 1.4.1 in folders '/home/cytech/tp-actors-cytech-main' for client Visual Studio Code 1.95.3.[0m
2024.11.19 10:32:44 WARN  Flyway upgrade recommended: H2 2.3.232 is newer than this version of Flyway and support has not been tested. The latest supported version of H2 is 2.2.224.[0m
2024.11.19 10:32:53 INFO  running '/home/cytech/.local/share/coursier/bin/sbt -Dbloop.export-jar-classifiers=sources bloopInstall'[0m
2024.11.19 10:32:53 WARN  no build target for: /home/cytech/tp-actors-cytech-main/project/metals.sbt[0m
2024.11.19 10:32:53 INFO  no build target found for /home/cytech/tp-actors-cytech-main/project/metals.sbt. Using presentation compiler with project's scala-library version: 3.3.4[0m
2024.11.19 10:32:55 INFO  [info] welcome to sbt 1.10.5 (Eclipse Adoptium Java 21)[0m
2024.11.19 10:32:56 INFO  no build target found for /home/cytech/tp-actors-cytech-main/src/main/scala/Main.scala. Using presentation compiler with project's scala-library version: 3.3.4[0m
2024.11.19 10:32:57 INFO  no build target found for /home/cytech/tp-actors-cytech-main/src/main/scala/Main.scala. Using presentation compiler with project's scala-library version: 3.3.4[0m
2024.11.19 10:32:58 INFO  no build target found for /home/cytech/tp-actors-cytech-main/src/main/scala/Main.scala. Using presentation compiler with project's scala-library version: 3.3.4[0m
2024.11.19 10:32:59 WARN  no build target for: /home/cytech/tp-actors-cytech-main/src/main/scala/Main.scala[0m
2024.11.19 10:32:59 INFO  no build target found for /home/cytech/tp-actors-cytech-main/src/main/scala/Main.scala. Using presentation compiler with project's scala-library version: 3.3.4[0m
2024.11.19 10:32:59 INFO  [info] loading settings for project tp-actors-cytech-main-build-build-build from metals.sbt ...[0m
2024.11.19 10:32:59 INFO  no build target found for /home/cytech/tp-actors-cytech-main/src/main/scala/Main.scala. Using presentation compiler with project's scala-library version: 3.3.4[0m
2024.11.19 10:32:58 INFO  no build target found for /home/cytech/tp-actors-cytech-main/src/main/scala/Main.scala. Using presentation compiler with project's scala-library version: 3.3.4[0m
2024.11.19 10:32:59 INFO  no build target found for /home/cytech/tp-actors-cytech-main/src/main/scala/Main.scala. Using presentation compiler with project's scala-library version: 3.3.4[0m
2024.11.19 10:32:59 INFO  no build target found for /home/cytech/tp-actors-cytech-main/src/main/scala/Main.scala. Using presentation compiler with project's scala-library version: 3.3.4[0m
2024.11.19 10:33:00 INFO  [info] loading project definition from /home/cytech/tp-actors-cytech-main/project/project/project[0m
2024.11.19 10:33:00 INFO  no build target found for /home/cytech/tp-actors-cytech-main/src/main/scala/Main.scala. Using presentation compiler with project's scala-library version: 3.3.4[0m
2024.11.19 10:33:00 WARN  no build target for: /home/cytech/tp-actors-cytech-main/src/main/scala/Main.scala[0m
2024.11.19 10:33:00 INFO  no build target found for /home/cytech/tp-actors-cytech-main/src/main/scala/Main.scala. Using presentation compiler with project's scala-library version: 3.3.4[0m
2024.11.19 10:33:01 INFO  no build target found for /home/cytech/tp-actors-cytech-main/src/main/scala/Main.scala. Using presentation compiler with project's scala-library version: 3.3.4[0m
2024.11.19 10:33:02 INFO  no build target found for /home/cytech/tp-actors-cytech-main/src/main/scala/RoomActor.scala. Using presentation compiler with project's scala-library version: 3.3.4[0m
2024.11.19 10:33:02 INFO  no build target found for /home/cytech/tp-actors-cytech-main/src/main/scala/RoomActor.scala. Using presentation compiler with project's scala-library version: 3.3.4[0m
2024.11.19 10:33:02 INFO  [info] loading settings for project tp-actors-cytech-main-build-build from metals.sbt ...[0m
2024.11.19 10:33:02 INFO  [info] loading project definition from /home/cytech/tp-actors-cytech-main/project/project[0m
2024.11.19 10:33:03 INFO  no build target found for /home/cytech/tp-actors-cytech-main/src/main/scala/RoomActor.scala. Using presentation compiler with project's scala-library version: 3.3.4[0m
2024.11.19 10:33:03 INFO  no build target found for /home/cytech/tp-actors-cytech-main/src/main/scala/RoomActor.scala. Using presentation compiler with project's scala-library version: 3.3.4[0m
2024.11.19 10:33:03 WARN  no build target for: /home/cytech/tp-actors-cytech-main/src/main/scala/RoomActor.scala[0m
2024.11.19 10:33:03 INFO  no build target found for /home/cytech/tp-actors-cytech-main/src/main/scala/RoomActor.scala. Using presentation compiler with project's scala-library version: 3.3.4[0m
2024.11.19 10:33:03 INFO  no build target found for /home/cytech/tp-actors-cytech-main/src/main/scala/RoomActor.scala. Using presentation compiler with project's scala-library version: 3.3.4[0m
2024.11.19 10:33:05 INFO  no build target found for /home/cytech/tp-actors-cytech-main/src/main/scala/RoomListActor.scala. Using presentation compiler with project's scala-library version: 3.3.4[0m
2024.11.19 10:33:05 INFO  no build target found for /home/cytech/tp-actors-cytech-main/src/main/scala/RoomListActor.scala. Using presentation compiler with project's scala-library version: 3.3.4[0m
2024.11.19 10:33:06 INFO  no build target found for /home/cytech/tp-actors-cytech-main/src/main/scala/RoomListActor.scala. Using presentation compiler with project's scala-library version: 3.3.4[0m
2024.11.19 10:33:06 INFO  no build target found for /home/cytech/tp-actors-cytech-main/src/main/scala/RoomListActor.scala. Using presentation compiler with project's scala-library version: 3.3.4[0m
2024.11.19 10:33:06 WARN  no build target for: /home/cytech/tp-actors-cytech-main/src/main/scala/RoomListActor.scala[0m
2024.11.19 10:33:06 INFO  no build target found for /home/cytech/tp-actors-cytech-main/src/main/scala/RoomListActor.scala. Using presentation compiler with project's scala-library version: 3.3.4[0m
2024.11.19 10:33:06 INFO  no build target found for /home/cytech/tp-actors-cytech-main/src/main/scala/RoomListActor.scala. Using presentation compiler with project's scala-library version: 3.3.4[0m
2024.11.19 10:33:08 INFO  no build target found for /home/cytech/tp-actors-cytech-main/src/main/scala/RoomListActor.scala. Using presentation compiler with project's scala-library version: 3.3.4[0m
2024.11.19 10:33:08 INFO  no build target found for /home/cytech/tp-actors-cytech-main/src/main/scala/RoomListActor.scala. Using presentation compiler with project's scala-library version: 3.3.4[0m
2024.11.19 10:33:09 INFO  no build target found for /home/cytech/tp-actors-cytech-main/src/main/scala/RoomListActor.scala. Using presentation compiler with project's scala-library version: 3.3.4[0m
2024.11.19 10:33:09 INFO  [success] Generated .bloop/tp-actors-cytech-main-build-build.json[0m
2024.11.19 10:33:09 INFO  [success] Total time: 6 s, completed Nov 19, 2024, 10:33:09 AM[0m
2024.11.19 10:33:08 INFO  no build target found for /home/cytech/tp-actors-cytech-main/src/main/scala/routes.scala. Using presentation compiler with project's scala-library version: 3.3.4[0m
2024.11.19 10:33:09 INFO  no build target found for /home/cytech/tp-actors-cytech-main/src/main/scala/routes.scala. Using presentation compiler with project's scala-library version: 3.3.4[0m
2024.11.19 10:33:10 INFO  no build target found for /home/cytech/tp-actors-cytech-main/src/main/scala/routes.scala. Using presentation compiler with project's scala-library version: 3.3.4[0m
2024.11.19 10:33:10 INFO  [info] loading settings for project tp-actors-cytech-main-build from metals.sbt,plugins.sbt ...[0m
2024.11.19 10:33:10 INFO  [info] loading project definition from /home/cytech/tp-actors-cytech-main/project[0m
2024.11.19 10:33:12 INFO  [success] Generated .bloop/tp-actors-cytech-main-build.json[0m
2024.11.19 10:33:12 INFO  [success] Total time: 1 s, completed Nov 19, 2024, 10:33:12 AM[0m
2024.11.19 10:33:13 INFO  no build target found for /home/cytech/tp-actors-cytech-main/src/main/scala/routes.scala. Using presentation compiler with project's scala-library version: 3.3.4[0m
2024.11.19 10:33:13 INFO  no build target found for /home/cytech/tp-actors-cytech-main/src/main/scala/routes.scala. Using presentation compiler with project's scala-library version: 3.3.4[0m
2024.11.19 10:33:13 WARN  no build target for: /home/cytech/tp-actors-cytech-main/src/main/scala/routes.scala[0m
2024.11.19 10:33:13 INFO  no build target found for /home/cytech/tp-actors-cytech-main/src/main/scala/routes.scala. Using presentation compiler with project's scala-library version: 3.3.4[0m
2024.11.19 10:33:13 INFO  no build target found for /home/cytech/tp-actors-cytech-main/src/main/scala/routes.scala. Using presentation compiler with project's scala-library version: 3.3.4[0m
2024.11.19 10:33:14 INFO  [info] loading settings for project root from build.sbt ...[0m
2024.11.19 10:33:14 INFO  [info] set current project to tp-actors (in build file:/home/cytech/tp-actors-cytech-main/)[0m
2024.11.19 10:33:14 INFO  [warn] there's a key that's not used by any other settings/tasks:[0m
2024.11.19 10:33:14 INFO  [warn]  [0m
2024.11.19 10:33:14 INFO  [warn] * root / idePackagePrefix[0m
2024.11.19 10:33:14 INFO  [warn]   +- /home/cytech/tp-actors-cytech-main/build.sbt:11[0m
2024.11.19 10:33:14 INFO  [warn]  [0m
2024.11.19 10:33:14 INFO  [warn] note: a setting might still be used by a command; to exclude a key from this `lintUnused` check[0m
2024.11.19 10:33:14 INFO  [warn] either append it to `Global / excludeLintKeys` or call .withRank(KeyRanks.Invisible) on the key[0m
2024.11.19 10:33:19 INFO  no build target found for /home/cytech/tp-actors-cytech-main/src/main/scala/Main.scala. Using presentation compiler with project's scala-library version: 3.3.4[0m
2024.11.19 10:33:19 INFO  no build target found for /home/cytech/tp-actors-cytech-main/src/main/scala/Main.scala. Using presentation compiler with project's scala-library version: 3.3.4[0m
2024.11.19 10:33:20 INFO  no build target found for /home/cytech/tp-actors-cytech-main/src/main/scala/Main.scala. Using presentation compiler with project's scala-library version: 3.3.4[0m
2024.11.19 10:33:21 INFO  [success] Generated .bloop/root-test.json[0m
2024.11.19 10:33:21 INFO  [success] Generated .bloop/root.json[0m
2024.11.19 10:33:21 INFO  [success] Total time: 6 s, completed Nov 19, 2024, 10:33:21 AM[0m
2024.11.19 10:33:21 INFO  no build target found for /home/cytech/tp-actors-cytech-main/src/main/scala/RoomActor.scala. Using presentation compiler with project's scala-library version: 3.3.4[0m
2024.11.19 10:33:21 INFO  no build target found for /home/cytech/tp-actors-cytech-main/src/main/scala/RoomActor.scala. Using presentation compiler with project's scala-library version: 3.3.4[0m
2024.11.19 10:33:21 INFO  time: ran 'sbt bloopInstall' in 28s[0m
2024.11.19 10:33:21 INFO  Attempting to connect to the build server...[0m
2024.11.19 10:33:21 INFO  No running Bloop server found, starting one.[0m
2024.11.19 10:33:22 INFO  Starting compilation server[0m
2024.11.19 10:33:22 INFO  no build target found for /home/cytech/tp-actors-cytech-main/src/main/scala/RoomActor.scala. Using presentation compiler with project's scala-library version: 3.3.4[0m
2024.11.19 10:33:23 INFO  tracing is disabled for protocol BSP, to enable tracing of incoming and outgoing JSON messages create an empty file at /home/cytech/tp-actors-cytech-main/.metals/bsp.trace.json or /home/cytech/.cache/metals/bsp.trace.json[0m
2024.11.19 10:33:23 INFO  Attempting to connect to the build server...[0m
2024.11.19 10:33:23 INFO  Found a Bloop server running[0m
2024.11.19 10:33:23 INFO  Attempting to connect to the build server...[0m
2024.11.19 10:33:23 INFO  Found a Bloop server running[0m
2024.11.19 10:33:23 INFO  tracing is disabled for protocol BSP, to enable tracing of incoming and outgoing JSON messages create an empty file at /home/cytech/tp-actors-cytech-main/project/project/.metals/bsp.trace.json or /home/cytech/.cache/metals/bsp.trace.json[0m
2024.11.19 10:33:23 INFO  tracing is disabled for protocol BSP, to enable tracing of incoming and outgoing JSON messages create an empty file at /home/cytech/tp-actors-cytech-main/project/.metals/bsp.trace.json or /home/cytech/.cache/metals/bsp.trace.json[0m
2024.11.19 10:33:23 INFO  time: Connected to build server in 2.24s[0m
2024.11.19 10:33:23 INFO  Connected to Build server: Bloop v2.0.5[0m
2024.11.19 10:33:24 INFO  time: Imported build in 0.15s[0m
2024.11.19 10:33:24 INFO  running doctor check[0m
2024.11.19 10:33:24 INFO  java targets: tp-actors-cytech-main-build-build, tp-actors-cytech-main-build, root, root-test[0m
2024.11.19 10:33:26 INFO  compiling root (4 scala sources)[0m
2024.11.19 10:33:26 WARN  Flyway upgrade recommended: H2 2.3.232 is newer than this version of Flyway and support has not been tested. The latest supported version of H2 is 2.2.224.[0m
2024.11.19 10:33:39 INFO  time: indexed workspace in 15s[0m
2024.11.19 10:33:39 INFO  Deduplicating compilation of root from bsp client 'Metals 1.4.1' (since 15.951s)[0m
2024.11.19 10:33:39 INFO  compiling root (4 scala sources)[0m
2024.11.19 10:33:41 INFO  time: compiled root in 1.72s[0m
Nov 19, 2024 10:37:44 AM org.eclipse.lsp4j.jsonrpc.RemoteEndpoint handleCancellation
WARNING: Unmatched cancel notification for request id 197
Nov 19, 2024 10:38:20 AM org.eclipse.lsp4j.jsonrpc.RemoteEndpoint handleCancellation
WARNING: Unmatched cancel notification for request id 345
2024.11.19 10:38:28 INFO  compiling root (1 scala source)[0m
2024.11.19 10:38:29 INFO  time: compiled root in 1.07s[0m
2024.11.19 10:41:23 INFO  compiling root (1 scala source)[0m
2024.11.19 10:41:25 INFO  time: compiled root in 1.56s[0m
2024.11.19 10:41:59 INFO  time: compiled root in 18ms[0m
2024.11.19 10:47:21 INFO  compiling root (1 scala source)[0m
2024.11.19 10:47:23 INFO  time: compiled root in 2.24s[0m
2024.11.19 10:48:07 INFO  compiling root (1 scala source)[0m
2024.11.19 10:48:09 INFO  time: compiled root in 1.05s[0m
2024.11.19 10:48:39 INFO  compiling root (1 scala source)[0m
2024.11.19 10:48:40 INFO  time: compiled root in 1s[0m
2024.11.19 10:50:43 INFO  compiling root (1 scala source)[0m
2024.11.19 10:50:43 INFO  time: compiled root in 0.27s[0m
2024.11.19 10:50:47 INFO  compiling root (1 scala source)[0m
2024.11.19 10:50:47 INFO  time: compiled root in 0.17s[0m
2024.11.19 10:52:42 INFO  compiling root (1 scala source)[0m
2024.11.19 10:52:42 INFO  time: compiled root in 0.83s[0m
2024.11.19 10:52:51 INFO  compiling root (1 scala source)[0m
2024.11.19 10:52:51 INFO  time: compiled root in 0.53s[0m
2024.11.19 10:53:05 INFO  compiling root (1 scala source)[0m
2024.11.19 10:53:05 INFO  time: compiled root in 0.5s[0m
2024.11.19 10:53:21 INFO  compiling root (1 scala source)[0m
2024.11.19 10:53:21 INFO  time: compiled root in 0.42s[0m
2024.11.19 10:53:28 INFO  compiling root (1 scala source)[0m
2024.11.19 10:53:28 INFO  time: compiled root in 0.43s[0m
2024.11.19 11:00:37 INFO  compiling root (1 scala source)[0m
2024.11.19 11:00:38 INFO  time: compiled root in 1.74s[0m
2024.11.19 11:00:54 INFO  compiling root (1 scala source)[0m
2024.11.19 11:00:54 INFO  time: compiled root in 0.73s[0m
2024.11.19 11:01:51 INFO  compiling root (1 scala source)[0m
2024.11.19 11:01:52 INFO  time: compiled root in 1.06s[0m
2024.11.19 11:02:03 INFO  compiling root (2 scala sources)[0m
2024.11.19 11:02:03 INFO  time: compiled root in 0.8s[0m
2024.11.19 11:02:14 INFO  compiling root (2 scala sources)[0m
2024.11.19 11:02:15 INFO  time: compiled root in 1.06s[0m
2024.11.19 11:02:42 INFO  compiling root (1 scala source)[0m
2024.11.19 11:02:42 INFO  time: compiled root in 0.42s[0m
2024.11.19 11:02:45 INFO  compiling root (1 scala source)[0m
2024.11.19 11:02:45 INFO  time: compiled root in 0.4s[0m
2024.11.19 11:04:36 INFO  compiling root (1 scala source)[0m
2024.11.19 11:04:36 INFO  time: compiled root in 0.71s[0m
2024.11.19 11:09:00 INFO  compiling root (1 scala source)[0m
2024.11.19 11:09:00 INFO  time: compiled root in 0.16s[0m
2024.11.19 11:09:05 INFO  compiling root (1 scala source)[0m
Nov 19, 2024 11:09:05 AM org.eclipse.lsp4j.jsonrpc.RemoteEndpoint handleCancellation
WARNING: Unmatched cancel notification for request id 2143
2024.11.19 11:09:05 INFO  time: compiled root in 0.77s[0m
2024.11.19 11:11:09 INFO  compiling root (1 scala source)[0m
2024.11.19 11:11:09 INFO  time: compiled root in 0.65s[0m
Nov 19, 2024 11:11:32 AM org.eclipse.lsp4j.jsonrpc.RemoteEndpoint handleCancellation
WARNING: Unmatched cancel notification for request id 2573
2024.11.19 11:11:54 INFO  compiling root (1 scala source)[0m
2024.11.19 11:11:54 INFO  time: compiled root in 0.72s[0m
2024.11.19 11:38:41 INFO  Shut down connection with build server.[0m
2024.11.19 11:38:41 INFO  Shut down connection with build server.[0m
2024.11.19 11:38:41 INFO  Shut down connection with build server.[0m
2024.11.19 11:53:57 INFO  Started: Metals version 1.4.1 in folders '/home/cytech/tp-actors-cytech-main' for client Visual Studio Code 1.95.3.
2024.11.19 11:53:57 WARN  Flyway upgrade recommended: H2 2.3.232 is newer than this version of Flyway and support has not been tested. The latest supported version of H2 is 2.2.224.
2024.11.19 11:53:58 INFO  no build target found for /home/cytech/tp-actors-cytech-main/src/main/scala/routes.scala. Using presentation compiler with project's scala-library version: 3.3.4
2024.11.19 11:53:58 INFO  Attempting to connect to the build server...
2024.11.19 11:53:58 INFO  No running Bloop server found, starting one.
2024.11.19 11:54:00 INFO  Starting compilation server
2024.11.19 11:54:02 INFO  tracing is disabled for protocol BSP, to enable tracing of incoming and outgoing JSON messages create an empty file at /home/cytech/tp-actors-cytech-main/.metals/bsp.trace.json or /home/cytech/.cache/metals/bsp.trace.json
2024.11.19 11:54:02 INFO  no build target found for /home/cytech/tp-actors-cytech-main/src/main/scala/routes.scala. Using presentation compiler with project's scala-library version: 3.3.4
2024.11.19 11:54:03 INFO  Attempting to connect to the build server...
2024.11.19 11:54:03 INFO  Found a Bloop server running
2024.11.19 11:54:03 INFO  Attempting to connect to the build server...
2024.11.19 11:54:03 INFO  Found a Bloop server running
2024.11.19 11:54:03 INFO  tracing is disabled for protocol BSP, to enable tracing of incoming and outgoing JSON messages create an empty file at /home/cytech/tp-actors-cytech-main/project/project/.metals/bsp.trace.json or /home/cytech/.cache/metals/bsp.trace.json
2024.11.19 11:54:03 INFO  tracing is disabled for protocol BSP, to enable tracing of incoming and outgoing JSON messages create an empty file at /home/cytech/tp-actors-cytech-main/project/.metals/bsp.trace.json or /home/cytech/.cache/metals/bsp.trace.json
2024.11.19 11:54:02 INFO  no build target found for /home/cytech/tp-actors-cytech-main/src/main/scala/routes.scala. Using presentation compiler with project's scala-library version: 3.3.4
2024.11.19 11:54:03 INFO  time: Connected to build server in 4.51s
2024.11.19 11:54:03 INFO  Connected to Build server: Bloop v2.0.5
2024.11.19 11:54:02 INFO  no build target found for /home/cytech/tp-actors-cytech-main/src/main/scala/routes.scala. Using presentation compiler with project's scala-library version: 3.3.4
2024.11.19 11:54:03 INFO  time: Imported build in 0.28s
2024.11.19 11:54:03 INFO  running doctor check
2024.11.19 11:54:03 INFO  java targets: tp-actors-cytech-main-build-build, tp-actors-cytech-main-build, root, root-test
2024.11.19 11:54:06 WARN  Flyway upgrade recommended: H2 2.3.232 is newer than this version of Flyway and support has not been tested. The latest supported version of H2 is 2.2.224.
2024.11.19 11:54:06 INFO  time: indexed workspace in 3.92s
2024.11.19 12:02:01 INFO  compiling root (1 scala source)
2024.11.19 12:02:09 INFO  time: compiled root in 8.43s
2024.11.19 12:04:00 INFO  compiling root (1 scala source)
2024.11.19 12:04:04 INFO  time: compiled root in 3.49s
2024.11.19 12:05:14 INFO  time: compiled root in 18ms
2024.11.19 12:09:37 INFO  compiling root (1 scala source)
2024.11.19 12:09:42 INFO  time: compiled root in 4.39s
2024.11.19 12:09:55 INFO  compiling root (1 scala source)
2024.11.19 12:09:57 INFO  time: compiled root in 1.69s
2024.11.19 12:10:07 INFO  compiling root (1 scala source)
2024.11.19 12:10:08 INFO  time: compiled root in 1.31s
2024.11.19 12:10:32 INFO  compiling root (1 scala source)
2024.11.19 12:10:33 INFO  time: compiled root in 1.11s
2024.11.19 12:11:11 INFO  compiling root (1 scala source)
2024.11.19 12:11:13 INFO  time: compiled root in 1.44s
2024.11.19 12:11:35 INFO  compiling root (1 scala source)
2024.11.19 12:11:36 INFO  time: compiled root in 1.45s
2024.11.19 12:11:36 INFO  compiling root (1 scala source)
2024.11.19 12:11:38 INFO  time: compiled root in 1.22s
2024.11.19 12:12:20 INFO  compiling root (1 scala source)
2024.11.19 12:12:21 INFO  time: compiled root in 1.34s
2024.11.19 12:13:12 INFO  compiling root (1 scala source)
2024.11.19 12:13:13 INFO  time: compiled root in 1.36s
2024.11.19 12:13:29 INFO  compiling root (1 scala source)
2024.11.19 12:13:31 INFO  time: compiled root in 1.04s
2024.11.19 12:13:37 INFO  compiling root (1 scala source)
2024.11.19 12:13:37 INFO  time: compiled root in 0.99s
2024.11.19 12:14:19 INFO  compiling root (1 scala source)
2024.11.19 12:14:21 INFO  time: compiled root in 1.5s
2024.11.19 12:14:32 INFO  compiling root (1 scala source)
2024.11.19 12:14:33 INFO  time: compiled root in 1.01s
2024.11.19 12:14:36 INFO  compiling root (1 scala source)
2024.11.19 12:14:36 INFO  time: compiled root in 0.95s
2024.11.19 12:15:47 INFO  compiling root (1 scala source)
2024.11.19 12:15:48 INFO  time: compiled root in 1.27s
2024.11.19 12:19:13 INFO  Shut down connection with build server.
2024.11.19 12:19:13 INFO  Shut down connection with build server.
2024.11.19 12:19:13 INFO  Shut down connection with build server.
java.lang.InterruptedException: sleep interrupted
	at java.base/java.lang.Thread.sleep0(Native Method)
	at java.base/java.lang.Thread.sleep(Thread.java:509)
	at scala.meta.internal.pc.CompilerJobQueue.delay(CompilerJobQueue.scala:102)
	at scala.meta.internal.pc.CompilerJobQueue.shutdown(CompilerJobQueue.scala:79)
	at scala.meta.internal.pc.CompilerAccess.shutdown(CompilerAccess.scala:69)
	at dotty.tools.pc.ScalaPresentationCompiler.shutdown(ScalaPresentationCompiler.scala:195)
	at scala.meta.internal.metals.CompilerConfiguration$LazyCompiler.$anonfun$shutdown$1(CompilerConfiguration.scala:151)
	at scala.meta.internal.metals.CompilerConfiguration$LazyCompiler.$anonfun$shutdown$1$adapted(CompilerConfiguration.scala:150)
	at scala.concurrent.impl.Promise$Transformation.run(Promise.scala:484)
	at java.base/java.util.concurrent.ThreadPoolExecutor.runWorker(ThreadPoolExecutor.java:1144)
	at java.base/java.util.concurrent.ThreadPoolExecutor$Worker.run(ThreadPoolExecutor.java:642)
	at java.base/java.lang.Thread.run(Thread.java:1583)
2024.11.29 19:45:01 INFO  Started: Metals version 1.4.1 in folders '/home/cytech/tp-actors-cytech-main' for client Visual Studio Code 1.95.3.
2024.11.29 19:45:01 WARN  Flyway upgrade recommended: H2 2.3.232 is newer than this version of Flyway and support has not been tested. The latest supported version of H2 is 2.2.224.
2024.11.29 19:45:01 INFO  no build target found for /home/cytech/tp-actors-cytech-main/build.sbt. Using presentation compiler with project's scala-library version: 3.3.4
2024.11.29 19:45:02 INFO  Attempting to connect to the build server...
2024.11.29 19:45:02 INFO  Found a Bloop server running
2024.11.29 19:45:02 INFO  tracing is disabled for protocol BSP, to enable tracing of incoming and outgoing JSON messages create an empty file at /home/cytech/tp-actors-cytech-main/.metals/bsp.trace.json or /home/cytech/.cache/metals/bsp.trace.json
2024.11.29 19:45:03 INFO  Attempting to connect to the build server...
2024.11.29 19:45:03 INFO  Found a Bloop server running
2024.11.29 19:45:03 INFO  Attempting to connect to the build server...
2024.11.29 19:45:03 INFO  Found a Bloop server running
2024.11.29 19:45:03 INFO  tracing is disabled for protocol BSP, to enable tracing of incoming and outgoing JSON messages create an empty file at /home/cytech/tp-actors-cytech-main/project/project/.metals/bsp.trace.json or /home/cytech/.cache/metals/bsp.trace.json
2024.11.29 19:45:03 INFO  tracing is disabled for protocol BSP, to enable tracing of incoming and outgoing JSON messages create an empty file at /home/cytech/tp-actors-cytech-main/project/.metals/bsp.trace.json or /home/cytech/.cache/metals/bsp.trace.json
2024.11.29 19:45:03 INFO  time: Connected to build server in 1.03s
2024.11.29 19:45:03 INFO  Connected to Build server: Bloop v2.0.2
2024.11.29 19:45:04 INFO  no build target found for /home/cytech/tp-actors-cytech-main/build.sbt. Using presentation compiler with project's scala-library version: 3.3.4
2024.11.29 19:45:04 INFO  time: Imported build in 0.22s
2024.11.29 19:45:04 INFO  running doctor check
2024.11.29 19:45:04 INFO  java targets: tp-actors-cytech-main-build-build, tp-actors-cytech-main-build, root, root-test
2024.11.29 19:45:06 WARN  Flyway upgrade recommended: H2 2.3.232 is newer than this version of Flyway and support has not been tested. The latest supported version of H2 is 2.2.224.
2024.11.29 19:45:06 INFO  time: indexed workspace in 3.69s
2024.11.29 19:45:10 INFO  compiling root (1 scala source)
2024.11.29 19:45:18 INFO  time: compiled root in 8.21s
2024.11.29 19:45:18 INFO  compiling root (1 scala source)
2024.11.29 19:45:19 INFO  Cancelling compilation on Bloop server
2024.11.29 19:45:19 INFO  Disconnecting from Bloop session...
2024.11.29 19:45:19 INFO  Shut down connection with build server.
2024.11.29 19:45:19 INFO  Shut down connection with build server.
2024.11.29 19:45:19 INFO  no build target found for /home/cytech/tp-actors-cytech-main/build.sbt. Using presentation compiler with project's scala-library version: 3.3.4
2024.11.29 19:45:21 INFO  time: code lens generation in 2.59s
2024.11.29 19:45:21 INFO  time: code lens generation in 2.59s
2024.11.29 19:45:21 INFO  time: code lens generation in 1.57s
2024.11.29 19:45:21 INFO  time: code lens generation in 2.59s
2024.11.29 19:45:21 ERROR timeout: build server 'bloop' during shutdown
2024.11.29 19:45:21 INFO  [0m[31m[E][0m Caught java.lang.InterruptedException
2024.11.29 19:45:21 ERROR Bloop 'bsp' command exited with code 1. Something may be wrong with the current configuration.
Running the [1mclean[0m sub-command to clear the working directory and remove caches might help.
If the error persists, please report the issue as a bug and attach a log with increased verbosity by passing [1m-v -v -v[0m.
2024.11.29 19:45:21 INFO  Attempting to connect to the build server...
2024.11.29 19:45:21 INFO  No running Bloop server found, starting one.
2024.11.29 19:45:22 INFO  Starting compilation server
2024.11.29 19:45:24 INFO  tracing is disabled for protocol BSP, to enable tracing of incoming and outgoing JSON messages create an empty file at /home/cytech/tp-actors-cytech-main/.metals/bsp.trace.json or /home/cytech/.cache/metals/bsp.trace.json
2024.11.29 19:45:24 INFO  Attempting to connect to the build server...
2024.11.29 19:45:24 INFO  Found a Bloop server running
2024.11.29 19:45:24 INFO  Attempting to connect to the build server...
2024.11.29 19:45:24 INFO  Found a Bloop server running
2024.11.29 19:45:25 INFO  tracing is disabled for protocol BSP, to enable tracing of incoming and outgoing JSON messages create an empty file at /home/cytech/tp-actors-cytech-main/project/project/.metals/bsp.trace.json or /home/cytech/.cache/metals/bsp.trace.json
2024.11.29 19:45:25 INFO  tracing is disabled for protocol BSP, to enable tracing of incoming and outgoing JSON messages create an empty file at /home/cytech/tp-actors-cytech-main/project/.metals/bsp.trace.json or /home/cytech/.cache/metals/bsp.trace.json
2024.11.29 19:45:25 INFO  time: Connected to build server in 3.4s
2024.11.29 19:45:25 INFO  Connected to Build server: Bloop v2.0.5
2024.11.29 19:45:25 INFO  time: Imported build in 0.15s
2024.11.29 19:45:25 INFO  running doctor check
2024.11.29 19:45:25 INFO  java targets: tp-actors-cytech-main-build-build, tp-actors-cytech-main-build, root, root-test
2024.11.29 19:45:27 INFO  time: indexed workspace in 1.88s
2024.11.29 19:45:27 INFO  compiling root (1 scala source)
2024.11.29 19:45:37 INFO  time: compiled root in 9.94s
2024.11.29 19:46:29 WARN  Could not load snapshot text for /home/cytech/tp-actors-cytech-main/src/main/scala/routes.scala
2024.11.29 19:46:36 WARN  Could not load snapshot text for /home/cytech/tp-actors-cytech-main/src/main/scala/routes.scala
2024.11.29 19:46:41 INFO  compiling root (1 scala source)
2024.11.29 19:46:42 WARN  Could not load snapshot text for /home/cytech/tp-actors-cytech-main/src/main/scala/routes.scala
2024.11.29 19:46:42 WARN  Could not load snapshot text for /home/cytech/tp-actors-cytech-main/src/main/scala/routes.scala
2024.11.29 19:46:42 WARN  Could not load snapshot text for /home/cytech/tp-actors-cytech-main/src/main/scala/routes.scala
2024.11.29 19:46:46 INFO  time: compiled root in 4.83s
2024.11.29 19:46:46 WARN  Could not load snapshot text for /home/cytech/tp-actors-cytech-main/src/main/scala/routes.scala
2024.11.29 19:46:49 WARN  Could not load snapshot text for /home/cytech/tp-actors-cytech-main/src/main/scala/routes.scala
2024.11.29 19:47:08 WARN  Could not load snapshot text for /home/cytech/tp-actors-cytech-main/src/main/scala/routes.scala
2024.11.29 19:47:08 WARN  Could not load snapshot text for /home/cytech/tp-actors-cytech-main/src/main/scala/routes.scala
2024.11.29 19:47:28 WARN  Could not load snapshot text for /home/cytech/tp-actors-cytech-main/src/main/scala/routes.scala
2024.11.29 19:48:14 WARN  Could not load snapshot text for /home/cytech/tp-actors-cytech-main/src/main/scala/routes.scala
2024.11.29 19:48:17 WARN  Could not load snapshot text for /home/cytech/tp-actors-cytech-main/src/main/scala/routes.scala
2024.11.29 19:48:17 INFO  compiling root (1 scala source)
2024.11.29 19:48:21 INFO  time: compiled root in 3.76s
2024.11.29 19:48:48 INFO  compiling root (1 scala source)
2024.11.29 19:48:50 INFO  time: compiled root in 1.88s
2024.11.29 19:50:29 INFO  compiling root (1 scala source)
2024.11.29 19:50:34 INFO  time: compiled root in 4.51s
2024.11.29 19:50:54 INFO  compiling root (1 scala source)
2024.11.29 19:50:56 INFO  time: compiled root in 1.88s
2024.11.29 19:51:02 INFO  compiling root (1 scala source)
2024.11.29 19:51:03 INFO  time: compiled root in 1.29s
2024.11.29 19:51:16 INFO  compiling root (1 scala source)
2024.11.29 19:51:17 INFO  time: compiled root in 1.1s
Nov 29, 2024 7:51:30 PM org.eclipse.lsp4j.jsonrpc.RemoteEndpoint handleCancellation
WARNING: Unmatched cancel notification for request id 606
Nov 29, 2024 7:51:30 PM org.eclipse.lsp4j.jsonrpc.RemoteEndpoint handleCancellation
WARNING: Unmatched cancel notification for request id 617
2024.11.29 19:51:38 INFO  compiling root (1 scala source)
2024.11.29 19:51:38 INFO  time: compiled root in 0.36s
2024.11.29 19:51:49 INFO  time: compiled root in 16ms
2024.11.29 19:53:51 INFO  compiling root (1 scala source)
2024.11.29 19:53:52 INFO  time: compiled root in 1.4s
2024.11.29 19:55:23 INFO  compiling root (1 scala source)
2024.11.29 19:55:25 INFO  time: compiled root in 1.56s
2024.11.29 19:55:59 INFO  compiling root (1 scala source)
2024.11.29 19:56:00 INFO  time: compiled root in 1.34s
2024.11.29 19:58:28 INFO  compiling root (1 scala source)
2024.11.29 19:58:30 INFO  time: compiled root in 1.42s
2024.11.29 19:58:57 INFO  compiling root (1 scala source)
2024.11.29 19:58:58 INFO  time: compiled root in 1.05s
2024.11.29 19:59:27 INFO  compiling root (1 scala source)
2024.11.29 19:59:28 INFO  time: compiled root in 1.14s
2024.11.29 19:59:33 INFO  compiling root (1 scala source)
2024.11.29 19:59:33 INFO  time: compiled root in 0.94s
2024.11.29 19:59:47 INFO  compiling root (1 scala source)
2024.11.29 19:59:47 INFO  time: compiled root in 0.96s
2024.11.29 19:59:51 INFO  compiling root (1 scala source)
2024.11.29 19:59:52 INFO  time: compiled root in 1.24s
2024.11.29 19:59:59 INFO  compiling root (1 scala source)
2024.11.29 19:59:59 INFO  time: compiled root in 0.28s
2024.11.29 20:00:22 INFO  compiling root (1 scala source)
2024.11.29 20:00:22 INFO  time: compiled root in 0.27s
2024.11.29 20:00:24 INFO  compiling root (1 scala source)
2024.11.29 20:00:24 INFO  time: compiled root in 0.28s
2024.11.29 20:00:42 INFO  compiling root (1 scala source)
2024.11.29 20:00:43 INFO  time: compiled root in 1.26s
2024.11.29 20:01:37 INFO  compiling root (1 scala source)
2024.11.29 20:01:38 INFO  time: compiled root in 1.25s
2024.11.29 20:01:38 INFO  compiling root (1 scala source)
2024.11.29 20:01:40 INFO  time: compiled root in 1.17s
2024.11.29 20:01:57 INFO  compiling root (1 scala source)
2024.11.29 20:01:57 INFO  time: compiled root in 0.94s
2024.11.29 20:02:23 INFO  compiling root (1 scala source)
2024.11.29 20:02:24 INFO  time: compiled root in 1s
2024.11.29 20:02:25 INFO  compiling root (1 scala source)
2024.11.29 20:02:26 INFO  time: compiled root in 1.05s
2024.11.29 20:04:16 INFO  compiling root (1 scala source)
2024.11.29 20:04:17 INFO  time: compiled root in 1.46s
2024.11.29 20:05:14 INFO  compiling root (1 scala source)
2024.11.29 20:05:15 INFO  time: compiled root in 1.61s
2024.11.29 20:05:35 INFO  compiling root (1 scala source)
2024.11.29 20:05:36 INFO  time: compiled root in 1.21s
2024.11.29 20:05:42 INFO  compiling root (1 scala source)
2024.11.29 20:05:42 INFO  time: compiled root in 0.98s
Nov 29, 2024 8:05:47 PM org.eclipse.lsp4j.jsonrpc.RemoteEndpoint handleCancellation
WARNING: Unmatched cancel notification for request id 1690
2024.11.29 20:05:51 INFO  compiling root (1 scala source)
2024.11.29 20:05:53 INFO  time: compiled root in 1.68s
2024.11.29 20:09:24 INFO  compiling root (1 scala source)
2024.11.29 20:09:24 INFO  time: compiled root in 0.44s
2024.11.29 20:10:14 INFO  compiling root (1 scala source)
2024.11.29 20:10:14 INFO  time: compiled root in 0.39s
2024.11.29 20:10:42 INFO  compiling root (1 scala source)
2024.11.29 20:10:43 INFO  time: compiled root in 1.57s
2024.11.29 20:11:37 INFO  compiling root (1 scala source)
2024.11.29 20:11:37 INFO  time: compiled root in 0.44s
Nov 29, 2024 8:11:42 PM org.eclipse.lsp4j.jsonrpc.RemoteEndpoint handleCancellation
WARNING: Unmatched cancel notification for request id 2190
2024.11.29 20:12:06 INFO  compiling root (1 scala source)
2024.11.29 20:12:06 INFO  time: compiled root in 0.3s
2024.11.29 20:12:20 INFO  compiling root (1 scala source)
2024.11.29 20:12:20 INFO  time: compiled root in 0.33s
2024.11.29 20:13:23 INFO  compiling root (1 scala source)
2024.11.29 20:13:24 INFO  time: compiled root in 1.42s
2024.11.29 20:15:28 INFO  compiling root (1 scala source)
2024.11.29 20:15:29 INFO  time: compiled root in 1.29s
2024.11.29 20:15:55 INFO  compiling root (1 scala source)
2024.11.29 20:15:56 INFO  time: compiled root in 1.41s
2024.11.29 20:16:23 INFO  compiling root (1 scala source)
2024.11.29 20:16:23 INFO  time: compiled root in 0.94s
2024.11.29 20:16:45 INFO  compiling root (1 scala source)
2024.11.29 20:16:46 INFO  time: compiled root in 1.44s
2024.11.29 20:17:13 INFO  compiling root (1 scala source)
2024.11.29 20:17:13 INFO  time: compiled root in 0.94s
2024.11.29 20:17:26 INFO  compiling root (1 scala source)
2024.11.29 20:17:27 INFO  time: compiled root in 1.12s
2024.11.29 20:17:58 INFO  compiling root (1 scala source)
2024.11.29 20:18:00 INFO  time: compiled root in 1.22s
2024.11.29 20:18:12 INFO  compiling root (1 scala source)
2024.11.29 20:18:13 INFO  time: compiled root in 1s
2024.11.29 20:19:21 INFO  compiling root (1 scala source)
2024.11.29 20:19:22 INFO  time: compiled root in 1.39s
2024.11.29 20:20:07 INFO  compiling root (1 scala source)
2024.11.29 20:20:08 INFO  time: compiled root in 1.29s
Nov 29, 2024 8:20:46 PM org.eclipse.lsp4j.jsonrpc.RemoteEndpoint handleCancellation
WARNING: Unmatched cancel notification for request id 2961
2024.11.29 20:20:50 INFO  compiling root (1 scala source)
2024.11.29 20:20:51 INFO  time: compiled root in 1.34s
2024.11.29 20:22:49 INFO  compiling root (1 scala source)
2024.11.29 20:22:51 INFO  time: compiled root in 1.58s
2024.11.29 20:25:53 INFO  compiling root (1 scala source)
2024.11.29 20:25:54 INFO  time: compiled root in 1.15s
2024.11.29 20:25:58 INFO  compiling root (1 scala source)
2024.11.29 20:25:59 INFO  time: compiled root in 1.23s
2024.11.29 20:26:13 INFO  compiling root (1 scala source)
2024.11.29 20:26:13 INFO  time: compiled root in 0.84s
2024.11.29 20:26:28 INFO  compiling root (1 scala source)
2024.11.29 20:26:28 INFO  time: compiled root in 0.29s
2024.11.29 20:28:09 INFO  compiling root (1 scala source)
2024.11.29 20:28:09 INFO  time: compiled root in 0.36s
2024.11.29 20:28:15 INFO  compiling root (1 scala source)
2024.11.29 20:28:15 INFO  time: compiled root in 0.3s
Nov 29, 2024 8:28:21 PM org.eclipse.lsp4j.jsonrpc.RemoteEndpoint handleCancellation
WARNING: Unmatched cancel notification for request id 3311
Nov 29, 2024 8:28:22 PM org.eclipse.lsp4j.jsonrpc.RemoteEndpoint handleCancellation
WARNING: Unmatched cancel notification for request id 3316
Nov 29, 2024 8:28:22 PM org.eclipse.lsp4j.jsonrpc.RemoteEndpoint handleCancellation
WARNING: Unmatched cancel notification for request id 3319
Nov 29, 2024 8:28:22 PM org.eclipse.lsp4j.jsonrpc.RemoteEndpoint handleCancellation
WARNING: Unmatched cancel notification for request id 3321
Nov 29, 2024 8:28:22 PM org.eclipse.lsp4j.jsonrpc.RemoteEndpoint handleCancellation
WARNING: Unmatched cancel notification for request id 3329
Nov 29, 2024 8:28:22 PM org.eclipse.lsp4j.jsonrpc.RemoteEndpoint handleCancellation
WARNING: Unmatched cancel notification for request id 3330
Nov 29, 2024 8:28:22 PM org.eclipse.lsp4j.jsonrpc.RemoteEndpoint handleCancellation
WARNING: Unmatched cancel notification for request id 3331
Nov 29, 2024 8:28:22 PM org.eclipse.lsp4j.jsonrpc.RemoteEndpoint handleCancellation
WARNING: Unmatched cancel notification for request id 3332
2024.11.29 20:28:27 INFO  compiling root (1 scala source)
2024.11.29 20:28:28 INFO  time: compiled root in 1.05s
2024.11.29 20:30:19 INFO  compiling root (1 scala source)
2024.11.29 20:30:20 INFO  time: compiled root in 1.12s
2024.11.29 20:30:55 INFO  compiling root (1 scala source)
2024.11.29 20:30:55 INFO  time: compiled root in 0.29s
2024.11.29 20:30:57 INFO  compiling root (1 scala source)
2024.11.29 20:30:58 INFO  time: compiled root in 1.13s
2024.11.29 20:31:17 INFO  compiling root (1 scala source)
2024.11.29 20:31:17 INFO  time: compiled root in 0.83s
2024.11.29 20:32:12 INFO  compiling root (1 scala source)
2024.11.29 20:32:13 INFO  time: compiled root in 1.14s
2024.11.29 20:32:47 INFO  compiling root (1 scala source)
2024.11.29 20:32:49 INFO  time: compiled root in 1.4s
2024.11.29 20:33:12 INFO  compiling root (1 scala source)
2024.11.29 20:33:13 INFO  time: compiled root in 1.19s
2024.11.29 20:33:26 INFO  compiling root (1 scala source)
2024.11.29 20:33:26 INFO  time: compiled root in 0.24s
2024.11.29 20:33:42 INFO  compiling root (1 scala source)
2024.11.29 20:33:42 INFO  time: compiled root in 0.27s
2024.11.29 20:33:46 INFO  compiling root (1 scala source)
2024.11.29 20:33:46 INFO  time: compiled root in 0.28s
2024.11.29 20:33:54 INFO  compiling root (1 scala source)
2024.11.29 20:33:54 INFO  time: compiled root in 0.26s
2024.11.29 20:34:08 INFO  compiling root (1 scala source)
2024.11.29 20:34:08 INFO  time: compiled root in 0.23s
2024.11.29 20:34:12 INFO  compiling root (1 scala source)
2024.11.29 20:34:12 INFO  time: compiled root in 0.25s
2024.11.29 20:34:27 INFO  compiling root (1 scala source)
2024.11.29 20:34:27 INFO  time: compiled root in 0.24s
2024.11.29 20:34:47 INFO  compiling root (1 scala source)
2024.11.29 20:34:47 INFO  time: compiled root in 0.24s
2024.11.29 20:35:56 INFO  compiling root (1 scala source)
2024.11.29 20:35:58 INFO  time: compiled root in 1.22s
2024.11.29 20:36:54 INFO  compiling root (1 scala source)
2024.11.29 20:36:54 INFO  time: compiled root in 0.33s
2024.11.29 20:37:28 INFO  compiling root (1 scala source)
2024.11.29 20:37:29 INFO  time: compiled root in 1.05s
2024.11.29 20:37:32 INFO  compiling root (1 scala source)
2024.11.29 20:37:33 INFO  time: compiled root in 1.03s
2024.11.29 20:37:41 INFO  compiling root (1 scala source)
2024.11.29 20:37:41 INFO  time: compiled root in 0.25s
2024.11.29 20:39:20 INFO  compiling root (1 scala source)
2024.11.29 20:39:20 INFO  time: compiled root in 0.36s
2024.11.29 20:39:50 INFO  compiling root (1 scala source)
2024.11.29 20:39:50 INFO  time: compiled root in 0.26s
2024.11.29 20:39:52 INFO  compiling root (1 scala source)
2024.11.29 20:39:52 INFO  time: compiled root in 0.33s
2024.11.29 20:39:58 INFO  compiling root (1 scala source)
2024.11.29 20:39:58 INFO  time: compiled root in 0.28s
2024.11.29 20:41:00 INFO  compiling root (1 scala source)
2024.11.29 20:41:00 INFO  time: compiled root in 0.36s
Nov 29, 2024 8:42:33 PM org.eclipse.lsp4j.jsonrpc.RemoteEndpoint handleCancellation
WARNING: Unmatched cancel notification for request id 4428
2024.11.29 20:43:23 INFO  compiling root (1 scala source)
2024.11.29 20:43:23 INFO  time: compiled root in 0.34s
2024.11.29 20:44:07 INFO  compiling root (1 scala source)
2024.11.29 20:44:07 INFO  time: compiled root in 0.3s
2024.11.29 20:46:07 INFO  compiling root (1 scala source)
2024.11.29 20:46:08 INFO  time: compiled root in 1.35s
2024.11.29 20:46:29 INFO  compiling root (1 scala source)
2024.11.29 20:46:29 INFO  time: compiled root in 0.84s
2024.11.29 20:48:44 INFO  compiling root (1 scala source)
2024.11.29 20:48:45 INFO  time: compiled root in 1.06s
2024.11.29 20:51:01 INFO  compiling root (1 scala source)
2024.11.29 20:51:01 INFO  time: compiled root in 0.37s
2024.11.29 20:51:42 INFO  compiling root (1 scala source)
2024.11.29 20:51:44 INFO  time: compiled root in 1.27s
2024.11.29 20:52:05 INFO  compiling root (1 scala source)
2024.11.29 20:52:05 INFO  time: compiled root in 0.26s
2024.11.29 20:52:17 INFO  compiling root (1 scala source)
2024.11.29 20:52:18 INFO  time: compiled root in 1.02s
2024.11.29 20:53:13 INFO  compiling root (1 scala source)
2024.11.29 20:53:13 INFO  time: compiled root in 0.31s
2024.11.29 20:54:03 INFO  compiling root (1 scala source)
2024.11.29 20:54:04 INFO  time: compiled root in 1.03s
2024.11.29 20:54:12 INFO  compiling root (1 scala source)
2024.11.29 20:54:13 INFO  time: compiled root in 1.01s
2024.11.29 20:54:49 INFO  compiling root (2 scala sources)
2024.11.29 20:54:49 INFO  time: compiled root in 0.95s
2024.11.29 20:55:21 INFO  compiling root (2 scala sources)
2024.11.29 20:55:21 INFO  time: compiled root in 0.3s
2024.11.29 20:56:08 INFO  compiling root (2 scala sources)
2024.11.29 20:56:08 INFO  time: compiled root in 0.35s
2024.11.29 20:57:13 INFO  compiling root (2 scala sources)
2024.11.29 20:57:13 INFO  time: compiled root in 0.41s
2024.11.29 20:57:40 INFO  compiling root (2 scala sources)
2024.11.29 20:57:40 INFO  time: compiled root in 0.26s
2024.11.29 20:57:42 INFO  compiling root (2 scala sources)
2024.11.29 20:57:42 INFO  time: compiled root in 0.25s
2024.11.29 20:57:45 INFO  compiling root (2 scala sources)
2024.11.29 20:57:45 INFO  time: compiled root in 0.33s
2024.11.29 20:58:22 INFO  compiling root (1 scala source)
2024.11.29 20:58:22 INFO  time: compiled root in 0.33s
2024.11.29 20:58:30 INFO  compiling root (1 scala source)
2024.11.29 20:58:30 INFO  time: compiled root in 0.98s
2024.11.29 20:58:49 INFO  compiling root (1 scala source)
2024.11.29 20:58:49 INFO  time: compiled root in 0.78s
2024.11.29 20:59:32 INFO  compiling root (1 scala source)
2024.11.29 20:59:32 INFO  time: compiled root in 0.38s
2024.11.29 20:59:56 INFO  compiling root (1 scala source)
2024.11.29 20:59:56 INFO  time: compiled root in 0.26s
2024.11.29 21:00:32 INFO  compiling root (1 scala source)
2024.11.29 21:00:34 INFO  time: compiled root in 1.17s
2024.11.29 21:00:36 INFO  compiling root (1 scala source)
2024.11.29 21:00:36 INFO  time: compiled root in 0.88s
2024.11.29 21:00:42 INFO  compiling root (1 scala source)
2024.11.29 21:00:42 INFO  time: compiled root in 0.92s
2024.11.29 21:01:07 INFO  compiling root (1 scala source)
2024.11.29 21:01:07 INFO  time: compiled root in 0.81s
2024.11.29 21:01:15 INFO  compiling root (1 scala source)
2024.11.29 21:01:15 INFO  time: compiled root in 0.27s
2024.11.29 21:01:35 INFO  compiling root (1 scala source)
2024.11.29 21:01:35 INFO  time: compiled root in 0.27s
Nov 29, 2024 9:03:11 PM org.eclipse.lsp4j.jsonrpc.RemoteEndpoint handleCancellation
WARNING: Unmatched cancel notification for request id 5925
2024.11.29 21:04:44 INFO  compiling root (1 scala source)
2024.11.29 21:04:45 INFO  time: compiled root in 1.15s
2024.11.29 21:04:49 INFO  compiling root (1 scala source)
2024.11.29 21:04:49 INFO  time: compiled root in 0.86s
2024.11.29 21:05:28 INFO  compiling root (1 scala source)
2024.11.29 21:05:29 INFO  time: compiled root in 1.04s
2024.11.29 21:05:38 INFO  compiling root (1 scala source)
2024.11.29 21:05:38 INFO  time: compiled root in 0.24s
2024.11.29 21:05:51 INFO  compiling root (1 scala source)
2024.11.29 21:05:51 INFO  time: compiled root in 0.83s
2024.11.29 21:05:55 INFO  compiling root (1 scala source)
2024.11.29 21:05:56 INFO  time: compiled root in 1.07s
2024.11.29 21:06:40 INFO  compiling root (1 scala source)
2024.11.29 21:06:41 INFO  time: compiled root in 1.46s
2024.11.29 21:07:24 INFO  compiling root (1 scala source)
2024.11.29 21:07:26 INFO  time: compiled root in 1.35s
2024.11.29 21:07:39 INFO  compiling root (1 scala source)
2024.11.29 21:07:40 INFO  time: compiled root in 1.16s
2024.11.29 21:07:44 INFO  compiling root (1 scala source)
2024.11.29 21:07:45 INFO  time: compiled root in 1.06s
2024.11.29 21:08:43 INFO  compiling root (1 scala source)
2024.11.29 21:08:44 INFO  time: compiled root in 1.07s
2024.11.29 21:10:04 INFO  compiling root (1 scala source)
2024.11.29 21:10:05 INFO  time: compiled root in 1.34s
2024.11.29 21:10:15 INFO  compiling root (1 scala source)
2024.11.29 21:10:16 INFO  time: compiled root in 1.01s
2024.11.29 21:11:26 INFO  compiling root (1 scala source)
2024.11.29 21:11:27 INFO  time: compiled root in 1.33s
2024.11.29 21:11:42 INFO  compiling root (1 scala source)
2024.11.29 21:11:42 INFO  time: compiled root in 0.97s
2024.11.29 21:12:30 INFO  compiling root (1 scala source)
2024.11.29 21:12:31 INFO  time: compiled root in 1.31s
2024.11.29 21:12:42 INFO  compiling root (1 scala source)
2024.11.29 21:12:42 INFO  time: compiled root in 0.97s
2024.11.29 21:12:47 INFO  compiling root (1 scala source)
2024.11.29 21:12:48 INFO  time: compiled root in 1.04s
Nov 29, 2024 9:37:06 PM org.eclipse.lsp4j.jsonrpc.RemoteEndpoint handleCancellation
WARNING: Unmatched cancel notification for request id 6914
2024.11.29 21:37:33 INFO  compiling root (1 scala source)
2024.11.29 21:37:35 INFO  time: compiled root in 1.37s
2024.11.29 21:37:49 INFO  compiling root (1 scala source)
2024.11.29 21:37:49 INFO  time: compiled root in 0.93s
2024.11.29 21:37:57 INFO  compiling root (1 scala source)
2024.11.29 21:37:58 INFO  time: compiled root in 1.25s
2024.11.29 21:41:03 INFO  compiling root (1 scala source)
2024.11.29 21:41:05 INFO  time: compiled root in 1.41s
2024.11.29 21:41:41 INFO  compiling root (1 scala source)
2024.11.29 21:41:43 INFO  time: compiled root in 1.45s
2024.11.29 21:42:40 INFO  compiling root (1 scala source)
2024.11.29 21:42:41 INFO  time: compiled root in 1.34s
2024.11.29 21:44:27 INFO  compiling root (1 scala source)
2024.11.29 21:44:28 INFO  time: compiled root in 1.04s
2024.11.29 21:44:39 INFO  compiling root (1 scala source)
2024.11.29 21:44:39 INFO  time: compiled root in 0.85s
2024.11.29 21:44:45 INFO  compiling root (1 scala source)
2024.11.29 21:44:45 INFO  time: compiled root in 0.82s
2024.11.29 21:48:17 INFO  compiling root (1 scala source)
2024.11.29 21:48:17 INFO  time: compiled root in 0.34s
2024.11.29 21:48:52 INFO  compiling root (1 scala source)
2024.11.29 21:48:54 INFO  time: compiled root in 1.16s
2024.11.29 21:49:04 INFO  compiling root (1 scala source)
2024.11.29 21:49:04 INFO  time: compiled root in 0.82s
2024.11.29 21:49:19 INFO  compiling root (1 scala source)
2024.11.29 21:49:19 INFO  time: compiled root in 0.94s
2024.11.29 21:49:23 INFO  compiling root (1 scala source)
2024.11.29 21:49:23 INFO  time: compiled root in 0.87s
2024.11.29 21:49:48 INFO  compiling root (1 scala source)
2024.11.29 21:49:48 INFO  time: compiled root in 0.94s
Nov 29, 2024 9:51:43 PM org.eclipse.lsp4j.jsonrpc.RemoteEndpoint handleCancellation
WARNING: Unmatched cancel notification for request id 8283
2024.11.29 21:51:47 INFO  compiling root (1 scala source)
2024.11.29 21:51:49 INFO  time: compiled root in 1.09s
2024.11.29 21:51:53 INFO  compiling root (1 scala source)
2024.11.29 21:51:53 INFO  time: compiled root in 0.84s
2024.11.29 21:55:42 INFO  compiling root (1 scala source)
2024.11.29 21:55:43 INFO  time: compiled root in 1.05s
2024.11.29 21:55:58 INFO  compiling root (1 scala source)
2024.11.29 21:55:58 INFO  time: compiled root in 0.82s
2024.11.29 21:56:05 INFO  compiling root (1 scala source)
2024.11.29 21:56:05 INFO  time: compiled root in 0.93s
2024.11.29 21:56:09 INFO  compiling root (1 scala source)
2024.11.29 21:56:09 INFO  time: compiled root in 0.95s
2024.11.29 21:57:02 INFO  compiling root (1 scala source)
2024.11.29 21:57:03 INFO  time: compiled root in 1.14s
Nov 29, 2024 9:57:08 PM org.eclipse.lsp4j.jsonrpc.RemoteEndpoint handleCancellation
WARNING: Unmatched cancel notification for request id 9051
Nov 29, 2024 9:57:08 PM org.eclipse.lsp4j.jsonrpc.RemoteEndpoint handleCancellation
WARNING: Unmatched cancel notification for request id 9055
Nov 29, 2024 9:57:09 PM org.eclipse.lsp4j.jsonrpc.RemoteEndpoint handleCancellation
WARNING: Unmatched cancel notification for request id 9063
Nov 29, 2024 9:57:09 PM org.eclipse.lsp4j.jsonrpc.RemoteEndpoint handleCancellation
WARNING: Unmatched cancel notification for request id 9065
Nov 29, 2024 9:57:09 PM org.eclipse.lsp4j.jsonrpc.RemoteEndpoint handleCancellation
WARNING: Unmatched cancel notification for request id 9068
2024.11.29 21:57:15 INFO  compiling root (1 scala source)
2024.11.29 21:57:15 INFO  time: compiled root in 0.89s
2024.11.29 21:58:46 INFO  compiling root (1 scala source)
2024.11.29 21:58:47 INFO  time: compiled root in 1.02s
2024.11.29 21:58:53 INFO  compiling root (1 scala source)
2024.11.29 21:58:53 INFO  time: compiled root in 0.85s
2024.11.29 21:59:13 INFO  compiling root (1 scala source)
2024.11.29 21:59:13 INFO  time: compiled root in 0.82s
2024.11.29 21:59:16 INFO  compiling root (1 scala source)
2024.11.29 21:59:16 INFO  time: compiled root in 0.9s
2024.11.29 21:59:27 INFO  compiling root (1 scala source)
2024.11.29 21:59:27 INFO  time: compiled root in 0.82s
2024.11.29 21:59:29 INFO  compiling root (1 scala source)
2024.11.29 21:59:30 INFO  time: compiled root in 1.12s
2024.11.29 22:01:07 INFO  compiling root (1 scala source)
2024.11.29 22:01:08 INFO  time: compiled root in 1.16s
2024.11.29 22:01:14 INFO  compiling root (1 scala source)
2024.11.29 22:01:14 INFO  time: compiled root in 0.78s
2024.11.29 22:01:29 INFO  compiling root (1 scala source)
2024.11.29 22:01:29 INFO  time: compiled root in 0.77s
2024.11.29 22:03:20 INFO  compiling root (1 scala source)
2024.11.29 22:03:21 INFO  time: compiled root in 1.18s
2024.11.29 22:03:33 INFO  compiling root (1 scala source)
2024.11.29 22:03:33 INFO  time: compiled root in 0.87s
2024.11.29 22:03:50 INFO  compiling root (1 scala source)
2024.11.29 22:03:50 INFO  time: compiled root in 0.91s
2024.11.29 22:04:01 INFO  compiling root (1 scala source)
2024.11.29 22:04:01 INFO  time: compiled root in 0.77s
2024.11.29 22:04:22 INFO  compiling root (1 scala source)
2024.11.29 22:04:22 INFO  time: compiled root in 0.98s
2024.11.29 22:04:25 INFO  compiling root (1 scala source)
2024.11.29 22:04:26 INFO  time: compiled root in 1.17s
2024.11.29 22:05:07 INFO  compiling root (1 scala source)
2024.11.29 22:05:08 INFO  time: compiled root in 1.14s
2024.11.29 22:05:18 INFO  compiling root (1 scala source)
2024.11.29 22:05:18 INFO  time: compiled root in 0.8s
2024.11.29 22:05:24 INFO  compiling root (1 scala source)
2024.11.29 22:05:24 INFO  time: compiled root in 0.99s
2024.11.29 22:06:08 INFO  compiling root (1 scala source)
2024.11.29 22:06:09 INFO  time: compiled root in 1.08s
2024.11.29 22:06:17 INFO  compiling root (1 scala source)
2024.11.29 22:06:17 INFO  time: compiled root in 0.81s
2024.11.29 22:08:31 INFO  compiling root (1 scala source)
2024.11.29 22:08:32 INFO  time: compiled root in 1.3s
2024.11.29 22:08:36 INFO  compiling root (1 scala source)
2024.11.29 22:08:37 INFO  time: compiled root in 1.21s
2024.11.29 22:08:47 INFO  compiling root (1 scala source)
2024.11.29 22:08:47 INFO  time: compiled root in 0.92s
2024.11.29 22:10:59 INFO  compiling root (1 scala source)
2024.11.29 22:11:00 INFO  time: compiled root in 1.09s
2024.11.29 22:11:23 INFO  compiling root (1 scala source)
2024.11.29 22:11:23 INFO  time: compiled root in 0.94s
2024.11.29 22:13:09 INFO  compiling root (1 scala source)
2024.11.29 22:13:11 INFO  time: compiled root in 1.28s
2024.11.29 22:13:47 INFO  compiling root (1 scala source)
2024.11.29 22:13:48 INFO  time: compiled root in 1.09s
2024.11.29 22:15:27 INFO  compiling root (1 scala source)
2024.11.29 22:15:28 INFO  time: compiled root in 1.08s
Nov 29, 2024 10:17:52 PM org.eclipse.lsp4j.jsonrpc.RemoteEndpoint handleCancellation
WARNING: Unmatched cancel notification for request id 10785
2024.11.29 22:17:55 INFO  compiling root (1 scala source)
2024.11.29 22:17:56 INFO  time: compiled root in 1.1s
2024.11.29 22:18:03 INFO  compiling root (1 scala source)
2024.11.29 22:18:03 INFO  time: compiled root in 0.91s
2024.11.29 22:18:11 INFO  compiling root (1 scala source)
2024.11.29 22:18:11 INFO  time: compiled root in 0.81s
2024.11.29 22:19:21 INFO  compiling root (2 scala sources)
2024.11.29 22:19:22 INFO  time: compiled root in 1.08s
2024.11.29 22:19:45 INFO  compiling root (2 scala sources)
2024.11.29 22:19:45 INFO  time: compiled root in 0.89s
2024.11.29 22:19:59 INFO  compiling root (2 scala sources)
2024.11.29 22:19:59 INFO  time: compiled root in 0.91s
2024.11.29 22:20:18 INFO  compiling root (2 scala sources)
2024.11.29 22:20:19 INFO  time: compiled root in 1.06s
2024.11.29 22:20:34 INFO  compiling root (2 scala sources)
2024.11.29 22:20:34 INFO  time: compiled root in 1s
2024.11.29 22:20:49 INFO  compiling root (2 scala sources)
2024.11.29 22:20:49 INFO  time: compiled root in 0.9s
Nov 29, 2024 10:21:26 PM org.eclipse.lsp4j.jsonrpc.RemoteEndpoint handleCancellation
WARNING: Unmatched cancel notification for request id 11177
Nov 29, 2024 10:21:26 PM org.eclipse.lsp4j.jsonrpc.RemoteEndpoint handleCancellation
WARNING: Unmatched cancel notification for request id 11183
Nov 29, 2024 10:21:26 PM org.eclipse.lsp4j.jsonrpc.RemoteEndpoint handleCancellation
WARNING: Unmatched cancel notification for request id 11182
Nov 29, 2024 10:21:32 PM org.eclipse.lsp4j.jsonrpc.RemoteEndpoint handleCancellation
WARNING: Unmatched cancel notification for request id 11193
Nov 29, 2024 10:21:32 PM org.eclipse.lsp4j.jsonrpc.RemoteEndpoint handleCancellation
WARNING: Unmatched cancel notification for request id 11194
Nov 29, 2024 10:21:32 PM org.eclipse.lsp4j.jsonrpc.RemoteEndpoint handleCancellation
WARNING: Unmatched cancel notification for request id 11195
2024.11.29 22:22:49 INFO  compiling root (2 scala sources)
2024.11.29 22:22:49 INFO  time: compiled root in 0.31s
2024.11.29 22:22:58 INFO  compiling root (2 scala sources)
2024.11.29 22:22:59 INFO  time: compiled root in 1.83s
2024.11.29 22:22:59 INFO  compiling root (4 scala sources)
2024.11.29 22:23:01 INFO  time: compiled root in 1.88s
2024.11.29 22:23:08 INFO  compiling root (1 scala source)
2024.11.29 22:23:08 INFO  time: compiled root in 0.26s
2024.11.29 22:23:29 INFO  compiling root (1 scala source)
2024.11.29 22:23:29 INFO  time: compiled root in 0.31s
2024.11.29 22:23:33 INFO  compiling root (1 scala source)
2024.11.29 22:23:35 INFO  time: compiled root in 1.72s
2024.11.29 22:23:35 INFO  compiling root (1 scala source)
2024.11.29 22:23:37 INFO  time: compiled root in 0.42s
Nov 29, 2024 10:23:58 PM org.eclipse.lsp4j.jsonrpc.RemoteEndpoint handleCancellation
WARNING: Unmatched cancel notification for request id 11387
2024.11.29 22:24:02 INFO  compiling root (1 scala source)
2024.11.29 22:24:02 INFO  time: compiled root in 0.27s
2024.11.29 22:24:06 INFO  compiling root (1 scala source)
2024.11.29 22:24:06 INFO  time: compiled root in 0.82s
2024.11.29 22:25:10 INFO  compiling root (1 scala source)
2024.11.29 22:25:11 INFO  time: compiled root in 1.29s
2024.11.29 22:25:17 INFO  compiling root (1 scala source)
2024.11.29 22:25:17 INFO  time: compiled root in 0.95s
2024.11.29 22:25:25 INFO  compiling root (1 scala source)
2024.11.29 22:25:25 INFO  time: compiled root in 0.84s
2024.11.29 22:27:13 INFO  compiling root (2 scala sources)
2024.11.29 22:27:14 INFO  time: compiled root in 1.22s
2024.11.29 22:27:14 WARN  Could not load snapshot text for /home/cytech/tp-actors-cytech-main/src/main/scala/RoomListActor.scala
2024.11.29 22:27:19 WARN  Could not load snapshot text for /home/cytech/tp-actors-cytech-main/src/main/scala/RoomListActor.scala
2024.11.29 22:27:25 WARN  Could not load snapshot text for /home/cytech/tp-actors-cytech-main/src/main/scala/RoomListActor.scala
2024.11.29 22:27:32 WARN  Could not load snapshot text for /home/cytech/tp-actors-cytech-main/src/main/scala/RoomListActor.scala
2024.11.29 22:28:04 WARN  Could not load snapshot text for /home/cytech/tp-actors-cytech-main/src/main/scala/RoomListActor.scala
2024.11.29 22:28:53 WARN  Could not load snapshot text for /home/cytech/tp-actors-cytech-main/src/main/scala/RoomListActor.scala
2024.11.29 22:29:00 INFO  compiling root (2 scala sources)
2024.11.29 22:29:01 INFO  time: compiled root in 1.23s
2024.11.29 22:29:03 INFO  compiling root (2 scala sources)
2024.11.29 22:29:04 INFO  time: compiled root in 1.03s
Nov 29, 2024 10:31:26 PM org.eclipse.lsp4j.jsonrpc.RemoteEndpoint handleCancellation
WARNING: Unmatched cancel notification for request id 11774
2024.11.29 22:33:07 INFO  compiling root (2 scala sources)
2024.11.29 22:33:08 INFO  time: compiled root in 1.13s
Nov 29, 2024 10:33:09 PM org.eclipse.lsp4j.jsonrpc.RemoteEndpoint handleCancellation
WARNING: Unmatched cancel notification for request id 12019
2024.11.29 22:33:12 INFO  compiling root (2 scala sources)
2024.11.29 22:33:12 INFO  time: compiled root in 0.87s
2024.11.29 22:33:18 INFO  compiling root (2 scala sources)
2024.11.29 22:33:19 INFO  time: compiled root in 1.05s
Nov 29, 2024 10:33:29 PM org.eclipse.lsp4j.jsonrpc.RemoteEndpoint handleCancellation
WARNING: Unmatched cancel notification for request id 12097
Nov 29, 2024 10:33:29 PM org.eclipse.lsp4j.jsonrpc.RemoteEndpoint handleCancellation
WARNING: Unmatched cancel notification for request id 12101
2024.11.29 22:33:31 INFO  compiling root (2 scala sources)
2024.11.29 22:33:31 INFO  time: compiled root in 0.83s
2024.11.29 22:35:05 WARN  Could not load snapshot text for /home/cytech/tp-actors-cytech-main/src/main/scala/RoomListActor.scala
2024.11.29 22:35:12 WARN  Could not load snapshot text for /home/cytech/tp-actors-cytech-main/src/main/scala/RoomListActor.scala
2024.11.29 22:36:08 INFO  compiling root (2 scala sources)
2024.11.29 22:36:08 INFO  time: compiled root in 0.92s
2024.11.29 22:37:13 INFO  compiling root (2 scala sources)
2024.11.29 22:37:13 INFO  time: compiled root in 0.92s
2024.11.29 22:37:19 WARN  Could not load snapshot text for /home/cytech/tp-actors-cytech-main/src/main/scala/RoomListActor.scala
2024.11.29 22:37:27 INFO  compiling root (4 scala sources)
2024.11.29 22:37:27 INFO  time: compiled root in 0.84s
2024.11.29 22:37:35 INFO  compiling root (2 scala sources)
2024.11.29 22:37:35 INFO  time: compiled root in 0.7s
Nov 29, 2024 10:37:46 PM org.eclipse.lsp4j.jsonrpc.services.GenericEndpoint notify
INFO: Unsupported notification method: $/setTrace
2024.11.29 22:39:37 INFO  compiling root (2 scala sources)
2024.11.29 22:39:37 INFO  time: compiled root in 0.31s
2024.11.29 22:39:49 INFO  compiling root (2 scala sources)
2024.11.29 22:39:49 INFO  time: compiled root in 0.23s
2024.11.29 22:39:54 INFO  compiling root (2 scala sources)
2024.11.29 22:39:54 INFO  time: compiled root in 0.24s
2024.11.29 22:40:08 INFO  compiling root (2 scala sources)
2024.11.29 22:40:10 INFO  time: compiled root in 1.18s
2024.11.29 22:40:10 INFO  compiling root (2 scala sources)
2024.11.29 22:40:11 INFO  time: compiled root in 1.64s
2024.11.29 22:40:20 INFO  compiling root (1 scala source)
2024.11.29 22:40:21 INFO  time: compiled root in 1s
Nov 29, 2024 10:40:38 PM org.eclipse.lsp4j.jsonrpc.RemoteEndpoint handleCancellation
WARNING: Unmatched cancel notification for request id 12594
2024.11.29 22:40:53 INFO  compiling root (1 scala source)
2024.11.29 22:40:53 INFO  time: compiled root in 0.89s
2024.11.29 22:42:18 INFO  compiling root (1 scala source)
2024.11.29 22:42:18 INFO  time: compiled root in 0.82s
Nov 29, 2024 10:42:37 PM org.eclipse.lsp4j.jsonrpc.RemoteEndpoint handleCancellation
WARNING: Unmatched cancel notification for request id 12983
Nov 29, 2024 10:42:59 PM org.eclipse.lsp4j.jsonrpc.RemoteEndpoint handleCancellation
WARNING: Unmatched cancel notification for request id 13254
2024.11.29 22:43:03 INFO  compiling root (1 scala source)
2024.11.29 22:43:03 INFO  time: compiled root in 0.78s
2024.11.29 22:43:03 INFO  compiling root (1 scala source)
2024.11.29 22:43:04 WARN  Could not load snapshot text for /home/cytech/tp-actors-cytech-main/src/main/scala/routes.scala
2024.11.29 22:43:05 INFO  time: compiled root in 0.74s
2024.11.29 22:43:55 INFO  compiling root (1 scala source)
2024.11.29 22:43:55 INFO  time: compiled root in 0.72s
2024.11.29 22:45:06 INFO  compiling root (1 scala source)
2024.11.29 22:45:06 INFO  time: compiled root in 0.68s
2024.11.29 22:46:07 INFO  compiling root (1 scala source)
2024.11.29 22:46:07 INFO  time: compiled root in 0.63s
2024.11.29 22:47:26 INFO  compiling root (1 scala source)
2024.11.29 22:47:27 INFO  time: compiled root in 1.09s
Nov 29, 2024 10:47:30 PM org.eclipse.lsp4j.jsonrpc.RemoteEndpoint handleCancellation
WARNING: Unmatched cancel notification for request id 13788
2024.11.29 22:47:33 INFO  compiling root (1 scala source)
2024.11.29 22:47:33 INFO  time: compiled root in 0.84s
Nov 29, 2024 10:47:37 PM org.eclipse.lsp4j.jsonrpc.RemoteEndpoint handleCancellation
WARNING: Unmatched cancel notification for request id 13826
Nov 29, 2024 10:47:47 PM org.eclipse.lsp4j.jsonrpc.RemoteEndpoint handleCancellation
WARNING: Unmatched cancel notification for request id 13877
2024.11.29 22:47:48 INFO  compiling root (1 scala source)
2024.11.29 22:47:48 INFO  time: compiled root in 0.9s
2024.11.29 22:47:53 INFO  compiling root (1 scala source)
2024.11.29 22:47:53 INFO  time: compiled root in 0.72s
2024.11.29 22:47:58 INFO  time: compiled root in 11ms
2024.11.29 22:48:03 INFO  compiling root (1 scala source)
2024.11.29 22:48:03 INFO  time: compiled root in 0.71s
2024.11.29 22:48:06 INFO  time: compiled root in 3ms
2024.11.29 22:49:23 INFO  compiling root (1 scala source)
2024.11.29 22:49:23 INFO  time: compiled root in 0.22s
